<?xml version="1.0" encoding="UTF-8"?>
<testsuite name="com.global.ct.frameinventory.ApplicationTests" tests="1" skipped="0" failures="0" errors="0" timestamp="2026-07-05T08:17:35.752Z" hostname="MACDEJ2RM40FGXJ.local" time="0.379">
  <properties/>
  <testcase name="contextLoads()" classname="com.global.ct.frameinventory.ApplicationTests" time="0.379"/>
  <system-out><![CDATA[09:17:33.014 [Test worker] INFO org.springframework.test.context.support.AnnotationConfigContextLoaderUtils -- Could not detect default configuration classes for test class [com.global.ct.frameinventory.ApplicationTests]: ApplicationTests does not declare any static, non-private, non-final, nested classes annotated with @Configuration.
09:17:33.073 [Test worker] INFO org.springframework.boot.test.context.SpringBootTestContextBootstrapper -- Found @SpringBootConfiguration com.global.ct.frameinventory.Application for test class com.global.ct.frameinventory.ApplicationTests

  .   ____          _            __ _ _
 /\\ / ___'_ __ _ _(_)_ __  __ _ \ \ \ \
( ( )\___ | '_ | '_| | '_ \/ _` | \ \ \ \
 \\/  ___)| |_)| | | | | || (_| |  ) ) ) )
  '  |____| .__|_| |_|_| |_\__, | / / / /
 =========|_|==============|___/=/_/_/_/

 :: Spring Boot ::                (v3.5.0)

2026-07-05T09:17:33.293+01:00  INFO 1759 --- [    Test worker] c.g.ct.frameinventory.ApplicationTests   : Starting ApplicationTests using Java 21.0.11 with PID 1759 (started by faizalkhan in /Users/faizalkhan/Desktop/frame-inventory-exercise-main/src/backend)
2026-07-05T09:17:33.293+01:00  INFO 1759 --- [    Test worker] c.g.ct.frameinventory.ApplicationTests   : No active profile set, falling back to 1 default profile: "default"
2026-07-05T09:17:33.739+01:00  INFO 1759 --- [    Test worker] .s.d.r.c.RepositoryConfigurationDelegate : Bootstrapping Spring Data MongoDB repositories in DEFAULT mode.
2026-07-05T09:17:33.769+01:00  INFO 1759 --- [    Test worker] .s.d.r.c.RepositoryConfigurationDelegate : Finished Spring Data repository scanning in 27 ms. Found 2 MongoDB repository interfaces.
2026-07-05T09:17:33.834+01:00  WARN 1759 --- [    Test worker] trationDelegate$BeanPostProcessorChecker : Bean 'de.flapdoodle.embed.mongo.spring.autoconfigure.EmbeddedMongoAutoConfiguration' of type [de.flapdoodle.embed.mongo.spring.autoconfigure.EmbeddedMongoAutoConfiguration] is not eligible for getting processed by all BeanPostProcessors (for example: not eligible for auto-proxying). The currently created BeanPostProcessor [fixTransactionAndAuth] is declared through a non-static factory method on that class; consider declaring it as static instead.
2026-07-05T09:17:33.848+01:00  WARN 1759 --- [    Test worker] trationDelegate$BeanPostProcessorChecker : Bean 'de.flapdoodle.mongodb.embedded-de.flapdoodle.embed.mongo.spring.autoconfigure.EmbeddedMongoProperties' of type [de.flapdoodle.embed.mongo.spring.autoconfigure.EmbeddedMongoProperties] is not eligible for getting processed by all BeanPostProcessors (for example: not eligible for auto-proxying). Is this bean getting eagerly injected/applied to a currently created BeanPostProcessor [fixTransactionAndAuth]? Check the corresponding BeanPostProcessor declaration and its dependencies/advisors. If this bean does not have to be post-processed, declare it with ROLE_INFRASTRUCTURE.
2026-07-05T09:17:33.881+01:00  WARN 1759 --- [    Test worker] trationDelegate$BeanPostProcessorChecker : Bean 'net' of type [de.flapdoodle.embed.mongo.config.ImmutableNet] is not eligible for getting processed by all BeanPostProcessors (for example: not eligible for auto-proxying). Is this bean getting eagerly injected/applied to a currently created BeanPostProcessor [fixTransactionAndAuth]? Check the corresponding BeanPostProcessor declaration and its dependencies/advisors. If this bean does not have to be post-processed, declare it with ROLE_INFRASTRUCTURE.
2026-07-05T09:17:33.884+01:00  WARN 1759 --- [    Test worker] trationDelegate$BeanPostProcessorChecker : Bean 'spring.data.mongodb-org.springframework.boot.autoconfigure.mongo.MongoProperties' of type [org.springframework.boot.autoconfigure.mongo.MongoProperties] is not eligible for getting processed by all BeanPostProcessors (for example: not eligible for auto-proxying). Is this bean getting eagerly injected/applied to a currently created BeanPostProcessor [fixTransactionAndAuth]? Check the corresponding BeanPostProcessor declaration and its dependencies/advisors. If this bean does not have to be post-processed, declare it with ROLE_INFRASTRUCTURE.
2026-07-05T09:17:33.949+01:00  WARN 1759 --- [    Test worker] o.s.data.convert.CustomConversions       : Registering converter from interface java.util.List to interface org.springframework.data.domain.Vector as reading converter although it doesn't convert from a store-supported type; You might want to check your annotation setup at the converter implementation
2026-07-05T09:17:34.203+01:00  INFO 1759 --- [    Test worker] d.f.e.m.s.a.SyncClientServerFactory      : sync server factory
2026-07-05T09:17:34.655+01:00  INFO 1759 --- [       Thread-4] d.f.e.m.s.autoconfigure.EmbeddedMongo    : {"t":{"$date":"2026-07-05T09:17:34.654+01:00"},"s":"I",  "c":"NETWORK",  "id":4915701, "ctx":"thread1","msg":"Initialized wire specification","attr":{"spec":{"incomingExternalClient":{"minWireVersion":0,"maxWireVersion":21},"incomingInternalClient":{"minWireVersion":0,"maxWireVersion":21},"outgoing":{"minWireVersion":6,"maxWireVersion":21},"isInternalClient":true}}}
2026-07-05T09:17:34.680+01:00  INFO 1759 --- [       Thread-4] d.f.e.m.s.autoconfigure.EmbeddedMongo    : {"t":{"$date":"2026-07-05T09:17:34.680+01:00"},"s":"I",  "c":"CONTROL",  "id":23285,   "ctx":"thread1","msg":"Automatically disabling TLS 1.0, to force-enable TLS 1.0 specify --sslDisabledProtocols 'none'"}
2026-07-05T09:17:34.682+01:00  INFO 1759 --- [       Thread-4] d.f.e.m.s.autoconfigure.EmbeddedMongo    : {"t":{"$date":"2026-07-05T09:17:34.682+01:00"},"s":"I",  "c":"NETWORK",  "id":4648602, "ctx":"thread1","msg":"Implicit TCP FastOpen in use."}
2026-07-05T09:17:34.687+01:00  INFO 1759 --- [       Thread-4] d.f.e.m.s.autoconfigure.EmbeddedMongo    : {"t":{"$date":"2026-07-05T09:17:34.687+01:00"},"s":"I",  "c":"REPL",     "id":5123008, "ctx":"thread1","msg":"Successfully registered PrimaryOnlyService","attr":{"service":"TenantMigrationDonorService","namespace":"config.tenantMigrationDonors"}}
2026-07-05T09:17:34.687+01:00  INFO 1759 --- [       Thread-4] d.f.e.m.s.autoconfigure.EmbeddedMongo    : {"t":{"$date":"2026-07-05T09:17:34.687+01:00"},"s":"I",  "c":"REPL",     "id":5123008, "ctx":"thread1","msg":"Successfully registered PrimaryOnlyService","attr":{"service":"TenantMigrationRecipientService","namespace":"config.tenantMigrationRecipients"}}
2026-07-05T09:17:34.687+01:00  INFO 1759 --- [       Thread-4] d.f.e.m.s.autoconfigure.EmbeddedMongo    : {"t":{"$date":"2026-07-05T09:17:34.687+01:00"},"s":"I",  "c":"CONTROL",  "id":5945603, "ctx":"thread1","msg":"Multi threading initialized"}
2026-07-05T09:17:34.688+01:00  INFO 1759 --- [       Thread-4] d.f.e.m.s.autoconfigure.EmbeddedMongo    : {"t":{"$date":"2026-07-05T09:17:34.687+01:00"},"s":"I",  "c":"TENANT_M", "id":7091600, "ctx":"thread1","msg":"Starting TenantMigrationAccessBlockerRegistry"}
2026-07-05T09:17:34.688+01:00  INFO 1759 --- [       Thread-4] d.f.e.m.s.autoconfigure.EmbeddedMongo    : {"t":{"$date":"2026-07-05T09:17:34.687+01:00"},"s":"I",  "c":"CONTROL",  "id":4615611, "ctx":"initandlisten","msg":"MongoDB starting","attr":{"pid":1762,"port":64444,"dbPath":"/var/folders/7b/9csfm2fx0rd3xydn226d9hlc0000gn/T/temp--c3fa37a2-3522-4941-933c-ecabb18623b3/mongod-database8155584250974591998","architecture":"64-bit","host":"MACDEJ2RM40FGXJ.local"}}
2026-07-05T09:17:34.688+01:00  INFO 1759 --- [       Thread-4] d.f.e.m.s.autoconfigure.EmbeddedMongo    : {"t":{"$date":"2026-07-05T09:17:34.687+01:00"},"s":"I",  "c":"CONTROL",  "id":23403,   "ctx":"initandlisten","msg":"Build Info","attr":{"buildInfo":{"version":"7.0.0","gitVersion":"37d84072b5c5b9fd723db5fa133fb202ad2317f1","modules":[],"allocator":"system","environment":{"distarch":"aarch64","target_arch":"aarch64"}}}}
2026-07-05T09:17:34.688+01:00  INFO 1759 --- [       Thread-4] d.f.e.m.s.autoconfigure.EmbeddedMongo    : {"t":{"$date":"2026-07-05T09:17:34.687+01:00"},"s":"I",  "c":"CONTROL",  "id":51765,   "ctx":"initandlisten","msg":"Operating System","attr":{"os":{"name":"Mac OS X","version":"25.3.0"}}}
2026-07-05T09:17:34.688+01:00  INFO 1759 --- [       Thread-4] d.f.e.m.s.autoconfigure.EmbeddedMongo    : {"t":{"$date":"2026-07-05T09:17:34.687+01:00"},"s":"I",  "c":"CONTROL",  "id":21951,   "ctx":"initandlisten","msg":"Options set by command line","attr":{"options":{"net":{"bindIp":"127.0.0.1","port":64444},"security":{"authorization":"disabled"},"storage":{"dbPath":"/var/folders/7b/9csfm2fx0rd3xydn226d9hlc0000gn/T/temp--c3fa37a2-3522-4941-933c-ecabb18623b3/mongod-database8155584250974591998","syncPeriodSecs":0}}}}
2026-07-05T09:17:34.690+01:00  INFO 1759 --- [       Thread-4] d.f.e.m.s.autoconfigure.EmbeddedMongo    : {"t":{"$date":"2026-07-05T09:17:34.690+01:00"},"s":"I",  "c":"NETWORK",  "id":5693100, "ctx":"initandlisten","msg":"Asio socket.set_option failed with std::system_error","attr":{"note":"acceptor TCP fast open","option":{"level":6,"name":261,"data":"00 04 00 00"},"error":{"what":"set_option: Invalid argument","message":"Invalid argument","category":"asio.system","value":22}}}
2026-07-05T09:17:34.691+01:00  INFO 1759 --- [       Thread-4] d.f.e.m.s.autoconfigure.EmbeddedMongo    : {"t":{"$date":"2026-07-05T09:17:34.690+01:00"},"s":"I",  "c":"STORAGE",  "id":22315,   "ctx":"initandlisten","msg":"Opening WiredTiger","attr":{"config":"create,cache_size=7680M,session_max=33000,eviction=(threads_min=4,threads_max=4),config_base=false,statistics=(fast),log=(enabled=true,remove=true,path=journal,compressor=snappy),builtin_extension_config=(zstd=(compression_level=6)),file_manager=(close_idle_time=600,close_scan_interval=10,close_handle_minimum=2000),statistics_log=(wait=0),json_output=(error,message),verbose=[recovery_progress:1,checkpoint_progress:1,compact_progress:1,backup:0,checkpoint:0,compact:0,evict:0,history_store:0,recovery:0,rts:0,salvage:0,tiered:0,timestamp:0,transaction:0,verify:0,log:0],"}}
2026-07-05T09:17:35.369+01:00  INFO 1759 --- [       Thread-4] d.f.e.m.s.autoconfigure.EmbeddedMongo    : {"t":{"$date":"2026-07-05T09:17:35.369+01:00"},"s":"I",  "c":"STORAGE",  "id":4795906, "ctx":"initandlisten","msg":"WiredTiger opened","attr":{"durationMillis":679}}
2026-07-05T09:17:35.370+01:00  INFO 1759 --- [       Thread-4] d.f.e.m.s.autoconfigure.EmbeddedMongo    : {"t":{"$date":"2026-07-05T09:17:35.369+01:00"},"s":"I",  "c":"RECOVERY", "id":23987,   "ctx":"initandlisten","msg":"WiredTiger recoveryTimestamp","attr":{"recoveryTimestamp":{"$timestamp":{"t":0,"i":0}}}}
2026-07-05T09:17:35.406+01:00  INFO 1759 --- [       Thread-4] d.f.e.m.s.autoconfigure.EmbeddedMongo    : {"t":{"$date":"2026-07-05T09:17:35.405+01:00"},"s":"I",  "c":"STORAGE",  "id":20320,   "ctx":"initandlisten","msg":"createCollection","attr":{"namespace":"admin.system.version","uuidDisposition":"provided","uuid":{"uuid":{"$uuid":"ffd3cfee-96a4-455e-a1d1-52e7f914345f"}},"options":{"uuid":{"$uuid":"ffd3cfee-96a4-455e-a1d1-52e7f914345f"}}}}
2026-07-05T09:17:35.426+01:00  INFO 1759 --- [       Thread-4] d.f.e.m.s.autoconfigure.EmbeddedMongo    : {"t":{"$date":"2026-07-05T09:17:35.426+01:00"},"s":"I",  "c":"INDEX",    "id":20345,   "ctx":"initandlisten","msg":"Index build: done building","attr":{"buildUUID":null,"collectionUUID":{"uuid":{"$uuid":"ffd3cfee-96a4-455e-a1d1-52e7f914345f"}},"namespace":"admin.system.version","index":"_id_","ident":"index-1-2764079823410890486","collectionIdent":"collection-0-2764079823410890486","commitTimestamp":null}}
2026-07-05T09:17:35.427+01:00  INFO 1759 --- [       Thread-4] d.f.e.m.s.autoconfigure.EmbeddedMongo    : {"t":{"$date":"2026-07-05T09:17:35.427+01:00"},"s":"I",  "c":"REPL",     "id":20459,   "ctx":"initandlisten","msg":"Setting featureCompatibilityVersion","attr":{"newVersion":"7.0"}}
2026-07-05T09:17:35.427+01:00  INFO 1759 --- [       Thread-4] d.f.e.m.s.autoconfigure.EmbeddedMongo    : {"t":{"$date":"2026-07-05T09:17:35.427+01:00"},"s":"I",  "c":"REPL",     "id":5853300, "ctx":"initandlisten","msg":"current featureCompatibilityVersion value","attr":{"featureCompatibilityVersion":"7.0","context":"setFCV"}}
2026-07-05T09:17:35.427+01:00  INFO 1759 --- [       Thread-4] d.f.e.m.s.autoconfigure.EmbeddedMongo    : {"t":{"$date":"2026-07-05T09:17:35.427+01:00"},"s":"I",  "c":"NETWORK",  "id":4915702, "ctx":"initandlisten","msg":"Updated wire specification","attr":{"oldSpec":{"incomingExternalClient":{"minWireVersion":0,"maxWireVersion":21},"incomingInternalClient":{"minWireVersion":0,"maxWireVersion":21},"outgoing":{"minWireVersion":6,"maxWireVersion":21},"isInternalClient":true},"newSpec":{"incomingExternalClient":{"minWireVersion":0,"maxWireVersion":21},"incomingInternalClient":{"minWireVersion":21,"maxWireVersion":21},"outgoing":{"minWireVersion":21,"maxWireVersion":21},"isInternalClient":true}}}
2026-07-05T09:17:35.427+01:00  INFO 1759 --- [       Thread-4] d.f.e.m.s.autoconfigure.EmbeddedMongo    : {"t":{"$date":"2026-07-05T09:17:35.427+01:00"},"s":"I",  "c":"NETWORK",  "id":4915702, "ctx":"initandlisten","msg":"Updated wire specification","attr":{"oldSpec":{"incomingExternalClient":{"minWireVersion":0,"maxWireVersion":21},"incomingInternalClient":{"minWireVersion":21,"maxWireVersion":21},"outgoing":{"minWireVersion":21,"maxWireVersion":21},"isInternalClient":true},"newSpec":{"incomingExternalClient":{"minWireVersion":0,"maxWireVersion":21},"incomingInternalClient":{"minWireVersion":21,"maxWireVersion":21},"outgoing":{"minWireVersion":21,"maxWireVersion":21},"isInternalClient":true}}}
2026-07-05T09:17:35.427+01:00  INFO 1759 --- [       Thread-4] d.f.e.m.s.autoconfigure.EmbeddedMongo    : {"t":{"$date":"2026-07-05T09:17:35.427+01:00"},"s":"I",  "c":"REPL",     "id":5853300, "ctx":"initandlisten","msg":"current featureCompatibilityVersion value","attr":{"featureCompatibilityVersion":"7.0","context":"startup"}}
2026-07-05T09:17:35.427+01:00  INFO 1759 --- [       Thread-4] d.f.e.m.s.autoconfigure.EmbeddedMongo    : {"t":{"$date":"2026-07-05T09:17:35.427+01:00"},"s":"I",  "c":"STORAGE",  "id":5071100, "ctx":"initandlisten","msg":"Clearing temp directory"}
2026-07-05T09:17:35.428+01:00  INFO 1759 --- [       Thread-4] d.f.e.m.s.autoconfigure.EmbeddedMongo    : {"t":{"$date":"2026-07-05T09:17:35.428+01:00"},"s":"I",  "c":"CONTROL",  "id":6608200, "ctx":"initandlisten","msg":"Initializing cluster server parameters from disk"}
2026-07-05T09:17:35.428+01:00  INFO 1759 --- [       Thread-4] d.f.e.m.s.autoconfigure.EmbeddedMongo    : {"t":{"$date":"2026-07-05T09:17:35.428+01:00"},"s":"I",  "c":"CONTROL",  "id":20536,   "ctx":"initandlisten","msg":"Flow Control is enabled on this deployment"}
2026-07-05T09:17:35.428+01:00  INFO 1759 --- [       Thread-4] d.f.e.m.s.autoconfigure.EmbeddedMongo    : {"t":{"$date":"2026-07-05T09:17:35.428+01:00"},"s":"I",  "c":"FTDC",     "id":20625,   "ctx":"initandlisten","msg":"Initializing full-time diagnostic data capture","attr":{"dataDirectory":"/var/folders/7b/9csfm2fx0rd3xydn226d9hlc0000gn/T/temp--c3fa37a2-3522-4941-933c-ecabb18623b3/mongod-database8155584250974591998/diagnostic.data"}}
2026-07-05T09:17:35.433+01:00  INFO 1759 --- [       Thread-4] d.f.e.m.s.autoconfigure.EmbeddedMongo    : {"t":{"$date":"2026-07-05T09:17:35.433+01:00"},"s":"I",  "c":"STORAGE",  "id":20320,   "ctx":"initandlisten","msg":"createCollection","attr":{"namespace":"local.startup_log","uuidDisposition":"generated","uuid":{"uuid":{"$uuid":"b219738e-6f5e-45e0-8547-1d50997d2989"}},"options":{"capped":true,"size":10485760}}}
2026-07-05T09:17:35.451+01:00  INFO 1759 --- [       Thread-4] d.f.e.m.s.autoconfigure.EmbeddedMongo    : {"t":{"$date":"2026-07-05T09:17:35.451+01:00"},"s":"I",  "c":"INDEX",    "id":20345,   "ctx":"initandlisten","msg":"Index build: done building","attr":{"buildUUID":null,"collectionUUID":{"uuid":{"$uuid":"b219738e-6f5e-45e0-8547-1d50997d2989"}},"namespace":"local.startup_log","index":"_id_","ident":"index-3-2764079823410890486","collectionIdent":"collection-2-2764079823410890486","commitTimestamp":null}}
2026-07-05T09:17:35.451+01:00  INFO 1759 --- [       Thread-4] d.f.e.m.s.autoconfigure.EmbeddedMongo    : {"t":{"$date":"2026-07-05T09:17:35.451+01:00"},"s":"I",  "c":"REPL",     "id":6015317, "ctx":"initandlisten","msg":"Setting new configuration state","attr":{"newState":"ConfigReplicationDisabled","oldState":"ConfigPreStart"}}
2026-07-05T09:17:35.452+01:00  INFO 1759 --- [       Thread-4] d.f.e.m.s.autoconfigure.EmbeddedMongo    : {"t":{"$date":"2026-07-05T09:17:35.452+01:00"},"s":"I",  "c":"STORAGE",  "id":22262,   "ctx":"initandlisten","msg":"Timestamp monitor starting"}
2026-07-05T09:17:35.452+01:00  INFO 1759 --- [       Thread-4] d.f.e.m.s.autoconfigure.EmbeddedMongo    : {"t":{"$date":"2026-07-05T09:17:35.452+01:00"},"s":"I",  "c":"NETWORK",  "id":23015,   "ctx":"listener","msg":"Listening on","attr":{"address":"/tmp/mongodb-64444.sock"}}
2026-07-05T09:17:35.452+01:00  INFO 1759 --- [       Thread-4] d.f.e.m.s.autoconfigure.EmbeddedMongo    : {"t":{"$date":"2026-07-05T09:17:35.452+01:00"},"s":"I",  "c":"NETWORK",  "id":23015,   "ctx":"listener","msg":"Listening on","attr":{"address":"127.0.0.1"}}
2026-07-05T09:17:35.452+01:00  INFO 1759 --- [       Thread-4] d.f.e.m.s.autoconfigure.EmbeddedMongo    : {"t":{"$date":"2026-07-05T09:17:35.452+01:00"},"s":"I",  "c":"NETWORK",  "id":23016,   "ctx":"listener","msg":"Waiting for connections","attr":{"port":64444,"ssl":"off"}}
2026-07-05T09:17:35.456+01:00  INFO 1759 --- [       Thread-4] d.f.e.m.s.autoconfigure.EmbeddedMongo    : {"t":{"$date":"2026-07-05T09:17:35.455+01:00"},"s":"I",  "c":"STORAGE",  "id":20320,   "ctx":"LogicalSessionCacheRefresh","msg":"createCollection","attr":{"namespace":"config.system.sessions","uuidDisposition":"generated","uuid":{"uuid":{"$uuid":"6c8fd698-2f57-492e-b7fe-6bb950f352aa"}},"options":{}}}
2026-07-05T09:17:35.456+01:00  INFO 1759 --- [       Thread-4] d.f.e.m.s.autoconfigure.EmbeddedMongo    : {"t":{"$date":"2026-07-05T09:17:35.456+01:00"},"s":"I",  "c":"CONTROL",  "id":20712,   "ctx":"LogicalSessionCacheReap","msg":"Sessions collection is not set up; waiting until next sessions reap interval","attr":{"error":"NamespaceNotFound: config.system.sessions does not exist"}}
2026-07-05T09:17:35.475+01:00  INFO 1759 --- [       Thread-4] d.f.e.m.s.autoconfigure.EmbeddedMongo    : {"t":{"$date":"2026-07-05T09:17:35.475+01:00"},"s":"I",  "c":"REPL",     "id":7360102, "ctx":"LogicalSessionCacheRefresh","msg":"Added oplog entry for create to transaction","attr":{"namespace":"config.$cmd","uuid":{"uuid":{"$uuid":"6c8fd698-2f57-492e-b7fe-6bb950f352aa"}},"object":{"create":"system.sessions","idIndex":{"v":2,"key":{"_id":1},"name":"_id_"}}}}
2026-07-05T09:17:35.475+01:00  INFO 1759 --- [       Thread-4] d.f.e.m.s.autoconfigure.EmbeddedMongo    : {"t":{"$date":"2026-07-05T09:17:35.475+01:00"},"s":"I",  "c":"REPL",     "id":7360100, "ctx":"LogicalSessionCacheRefresh","msg":"Added oplog entry for createIndexes to transaction","attr":{"namespace":"config.$cmd","uuid":{"uuid":{"$uuid":"6c8fd698-2f57-492e-b7fe-6bb950f352aa"}},"object":{"createIndexes":"system.sessions","v":2,"key":{"lastUse":1},"name":"lsidTTLIndex","expireAfterSeconds":1800}}}
2026-07-05T09:17:35.489+01:00  INFO 1759 --- [       Thread-4] d.f.e.m.s.autoconfigure.EmbeddedMongo    : {"t":{"$date":"2026-07-05T09:17:35.489+01:00"},"s":"I",  "c":"INDEX",    "id":20345,   "ctx":"LogicalSessionCacheRefresh","msg":"Index build: done building","attr":{"buildUUID":null,"collectionUUID":{"uuid":{"$uuid":"6c8fd698-2f57-492e-b7fe-6bb950f352aa"}},"namespace":"config.system.sessions","index":"_id_","ident":"index-5-2764079823410890486","collectionIdent":"collection-4-2764079823410890486","commitTimestamp":null}}
2026-07-05T09:17:35.489+01:00  INFO 1759 --- [       Thread-4] d.f.e.m.s.autoconfigure.EmbeddedMongo    : {"t":{"$date":"2026-07-05T09:17:35.489+01:00"},"s":"I",  "c":"INDEX",    "id":20345,   "ctx":"LogicalSessionCacheRefresh","msg":"Index build: done building","attr":{"buildUUID":null,"collectionUUID":{"uuid":{"$uuid":"6c8fd698-2f57-492e-b7fe-6bb950f352aa"}},"namespace":"config.system.sessions","index":"lsidTTLIndex","ident":"index-6-2764079823410890486","collectionIdent":"collection-4-2764079823410890486","commitTimestamp":null}}
2026-07-05T09:17:35.505+01:00  INFO 1759 --- [       Thread-4] d.f.e.m.s.autoconfigure.EmbeddedMongo    : {"t":{"$date":"2026-07-05T09:17:35.505+01:00"},"s":"I",  "c":"NETWORK",  "id":22943,   "ctx":"listener","msg":"Connection accepted","attr":{"remote":"127.0.0.1:64445","uuid":{"uuid":{"$uuid":"85282001-fc61-4812-969a-bda438054fbc"}},"connectionId":1,"connectionCount":1}}
2026-07-05T09:17:35.509+01:00  INFO 1759 --- [    Test worker] org.mongodb.driver.client                : MongoClient with metadata {"driver": {"name": "mongo-java-driver|sync|spring-boot", "version": "5.4.0"}, "os": {"type": "Darwin", "name": "Mac OS X", "architecture": "aarch64", "version": "26.3.1"}, "platform": "Java/Eclipse Adoptium/21.0.11+10-LTS"} created with settings MongoClientSettings{readPreference=primary, writeConcern=WriteConcern{w=null, wTimeout=null ms, journal=null}, retryWrites=true, retryReads=true, readConcern=ReadConcern{level=null}, credential=null, transportSettings=null, commandListeners=[io.micrometer.core.instrument.binder.mongodb.MongoMetricsCommandListener@17332039], codecRegistry=ProvidersCodecRegistry{codecProviders=[ValueCodecProvider{}, BsonValueCodecProvider{}, DBRefCodecProvider{}, DBObjectCodecProvider{}, DocumentCodecProvider{}, CollectionCodecProvider{}, IterableCodecProvider{}, MapCodecProvider{}, GeoJsonCodecProvider{}, GridFSFileCodecProvider{}, Jsr310CodecProvider{}, JsonObjectCodecProvider{}, BsonCodecProvider{}, EnumCodecProvider{}, com.mongodb.client.model.mql.ExpressionCodecProvider@776e7dfb, com.mongodb.Jep395RecordCodecProvider@71418a4a, com.mongodb.KotlinCodecProvider@67ecf7ed]}, loggerSettings=LoggerSettings{maxDocumentLength=1000}, clusterSettings={hosts=[localhost:64444], srvServiceName=mongodb, mode=SINGLE, requiredClusterType=UNKNOWN, requiredReplicaSetName='null', serverSelector='null', clusterListeners='[]', serverSelectionTimeout='30000 ms', localThreshold='15 ms'}, socketSettings=SocketSettings{connectTimeoutMS=10000, readTimeoutMS=0, receiveBufferSize=0, proxySettings=ProxySettings{host=null, port=null, username=null, password=null}}, heartbeatSocketSettings=SocketSettings{connectTimeoutMS=10000, readTimeoutMS=10000, receiveBufferSize=0, proxySettings=ProxySettings{host=null, port=null, username=null, password=null}}, connectionPoolSettings=ConnectionPoolSettings{maxSize=100, minSize=0, maxWaitTimeMS=120000, maxConnectionLifeTimeMS=0, maxConnectionIdleTimeMS=0, maintenanceInitialDelayMS=0, maintenanceFrequencyMS=60000, connectionPoolListeners=[io.micrometer.core.instrument.binder.mongodb.MongoMetricsConnectionPoolListener@69d021c1], maxConnecting=2}, serverSettings=ServerSettings{heartbeatFrequencyMS=10000, minHeartbeatFrequencyMS=500, serverMonitoringMode=AUTO, serverListeners='[]', serverMonitorListeners='[]'}, sslSettings=SslSettings{enabled=false, invalidHostNameAllowed=false, context=null}, applicationName='null', compressorList=[], uuidRepresentation=JAVA_LEGACY, serverApi=null, autoEncryptionSettings=null, dnsClient=null, inetAddressResolver=null, contextProvider=null, timeoutMS=null}
2026-07-05T09:17:35.510+01:00  INFO 1759 --- [       Thread-4] d.f.e.m.s.autoconfigure.EmbeddedMongo    : {"t":{"$date":"2026-07-05T09:17:35.510+01:00"},"s":"I",  "c":"NETWORK",  "id":51800,   "ctx":"conn1","msg":"client metadata","attr":{"remote":"127.0.0.1:64445","client":"conn1","doc":{"driver":{"name":"mongo-java-driver|sync|spring-boot","version":"5.4.0"},"os":{"type":"Darwin","name":"Mac OS X","architecture":"aarch64","version":"26.3.1"},"platform":"Java/Eclipse Adoptium/21.0.11+10-LTS"}}}
2026-07-05T09:17:35.520+01:00  INFO 1759 --- [localhost:64444] org.mongodb.driver.cluster               : Monitor thread successfully connected to server with description ServerDescription{address=localhost:64444, type=STANDALONE, cryptd=false, state=CONNECTED, ok=true, minWireVersion=0, maxWireVersion=21, maxDocumentSize=16777216, logicalSessionTimeoutMinutes=30, roundTripTimeNanos=14140000, minRoundTripTimeNanos=0}
2026-07-05T09:17:35.521+01:00  INFO 1759 --- [       Thread-4] d.f.e.m.s.autoconfigure.EmbeddedMongo    : {"t":{"$date":"2026-07-05T09:17:35.521+01:00"},"s":"I",  "c":"NETWORK",  "id":22943,   "ctx":"listener","msg":"Connection accepted","attr":{"remote":"127.0.0.1:64446","uuid":{"uuid":{"$uuid":"f65fe210-7b02-4e4a-9b91-4e8f358593b0"}},"connectionId":2,"connectionCount":2}}
2026-07-05T09:17:35.521+01:00  WARN 1759 --- [    Test worker] o.s.data.convert.CustomConversions       : Registering converter from interface java.util.List to interface org.springframework.data.domain.Vector as reading converter although it doesn't convert from a store-supported type; You might want to check your annotation setup at the converter implementation
2026-07-05T09:17:35.521+01:00  INFO 1759 --- [       Thread-4] d.f.e.m.s.autoconfigure.EmbeddedMongo    : {"t":{"$date":"2026-07-05T09:17:35.521+01:00"},"s":"I",  "c":"NETWORK",  "id":51800,   "ctx":"conn2","msg":"client metadata","attr":{"remote":"127.0.0.1:64446","client":"conn2","doc":{"driver":{"name":"mongo-java-driver|sync|spring-boot","version":"5.4.0"},"os":{"type":"Darwin","name":"Mac OS X","architecture":"aarch64","version":"26.3.1"},"platform":"Java/Eclipse Adoptium/21.0.11+10-LTS"}}}
2026-07-05T09:17:35.671+01:00  INFO 1759 --- [    Test worker] o.s.b.a.e.web.EndpointLinksResolver      : Exposing 1 endpoint beneath base path '/actuator'
2026-07-05T09:17:35.703+01:00  INFO 1759 --- [    Test worker] c.g.ct.frameinventory.ApplicationTests   : Started ApplicationTests in 2.558 seconds (process running for 3.096)
]]></system-out>
  <system-err><![CDATA[Mockito is currently self-attaching to enable the inline-mock-maker. This will no longer work in future releases of the JDK. Please add Mockito as an agent to your build as described in Mockito's documentation: https://javadoc.io/doc/org.mockito/mockito-core/latest/org.mockito/org/mockito/Mockito.html#0.3
WARNING: A Java agent has been loaded dynamically (/Users/faizalkhan/.gradle/caches/modules-2/files-2.1/net.bytebuddy/byte-buddy-agent/1.17.5/58f9507f5f28d1d3e7adfb4ec2fe37c29d332c9b/byte-buddy-agent-1.17.5.jar)
WARNING: If a serviceability tool is in use, please run with -XX:+EnableDynamicAgentLoading to hide this warning
WARNING: If a serviceability tool is not in use, please run with -Djdk.instrument.traceUsage for more information
WARNING: Dynamic loading of agents will be disallowed by default in a future release
]]></system-err>
</testsuite>
